<?xml version="1.0" encoding="UTF-8"?>
<!-- Generated by org.testng.reporters.JUnitReportReporter -->
<testsuite skipped="0" hostname="Volodya" name="LoginTest" tests="1" failures="0" timestamp="17 черв. 2018 20:32:41 GMT" time="11.800" errors="0">
  <testcase name="test" time="11.800" classname="LoginTest"/>
</testsuite> <!-- LoginTest -->
